<?xml version="1.0" encoding="UTF-8"?>
<!-- Generated by org.testng.reporters.JUnitReportReporter -->
<testsuite hostname="santoshs-MacBook-Air.local" failures="0" tests="1" name="suite.Test_01_LogoPresetInLoginPage" time="13.629" errors="0" timestamp="01 Nov 2021 15:32:35 GMT" skipped="0">
  <testcase classname="suite.Test_01_LogoPresetInLoginPage" name="loginScript" time="13.629"/>
</testsuite> <!-- suite.Test_01_LogoPresetInLoginPage -->
