<?xml version="1.0" encoding="UTF-8"?>
<!-- Generated by org.testng.reporters.JUnitReportReporter -->
<testsuite hostname="santoshs-MacBook-Air.local" failures="0" tests="1" name="suite.Test_02_AddFirtEelementInCart" time="5.546" errors="0" timestamp="01 Nov 2021 14:58:06 GMT" skipped="0">
  <testcase classname="suite.Test_02_AddFirtEelementInCart" name="loginScript" time="5.546"/>
</testsuite> <!-- suite.Test_02_AddFirtEelementInCart -->
