<?xml version="1.0" encoding="UTF-8"?>
<!-- Generated by org.testng.reporters.JUnitReportReporter -->
<testsuite hostname="santoshs-MacBook-Air.local" failures="0" tests="1" name="suite.Test_01_LoginScript" time="4.556" errors="0" timestamp="01 Nov 2021 14:58:06 GMT" skipped="0">
  <testcase classname="suite.Test_01_LoginScript" name="loginScript" time="4.556"/>
</testsuite> <!-- suite.Test_01_LoginScript -->
